<?xml version="1.0" encoding="UTF-8"?>
<testng-results total="4" passed="1" failed="0" skipped="3">
  <reporter-output>
  </reporter-output>
  <suite started-at="2022-01-07T15:56:14Z" name="Default suite" finished-at="2022-01-07T15:56:51Z" duration-ms="36682">
    <groups>
    </groups>
    <test started-at="2022-01-07T15:56:14Z" name="Default test" finished-at="2022-01-07T15:56:51Z" duration-ms="36682">
      <class name="seleniumWebdriverPractice.PriorityTestNG">
        <test-method is-config="true" signature="amazonBrowserOpen()[pri:0, instance:seleniumWebdriverPractice.PriorityTestNG@353352b6]" started-at="2022-01-07T21:26:14Z" name="amazonBrowserOpen" finished-at="2022-01-07T21:26:27Z" duration-ms="12781" status="PASS">
          <reporter-output>
          </reporter-output>
        </test-method> <!-- amazonBrowserOpen -->
        <test-method signature="amazonTest()[pri:0, instance:seleniumWebdriverPractice.PriorityTestNG@353352b6]" started-at="2022-01-07T21:26:27Z" name="amazonTest" finished-at="2022-01-07T21:26:38Z" duration-ms="11345" status="PASS">
          <reporter-output>
          </reporter-output>
        </test-method> <!-- amazonTest -->
        <test-method is-config="true" signature="amazonBrowserClose()[pri:0, instance:seleniumWebdriverPractice.PriorityTestNG@353352b6]" started-at="2022-01-07T21:26:38Z" name="amazonBrowserClose" finished-at="2022-01-07T21:26:38Z" duration-ms="299" status="PASS">
          <reporter-output>
          </reporter-output>
        </test-method> <!-- amazonBrowserClose -->
        <test-method is-config="true" signature="amazonBrowserOpen()[pri:0, instance:seleniumWebdriverPractice.PriorityTestNG@353352b6]" started-at="2022-01-07T21:26:38Z" name="amazonBrowserOpen" finished-at="2022-01-07T21:26:38Z" duration-ms="0" status="FAIL">
          <exception class="org.openqa.selenium.WebDriverException">
            <message>
              <![CDATA[chrome not reachable
  (Session info: chrome=96.0.4664.110)
Build info: version: '4.1.0', revision: '87802e897b'
System info: host: 'DESKTOP-IF2U9N1', ip: '192.168.43.208', os.name: 'Windows 10', os.arch: 'amd64', os.version: '10.0', java.version: '16.0.1'
Driver info: org.openqa.selenium.chrome.ChromeDriver
Command: [fe0a57ef67ae98489a315a77482aa6b3, getTitle {}]
Capabilities {acceptInsecureCerts: false, browserName: chrome, browserVersion: 96.0.4664.110, chrome: {chromedriverVersion: 96.0.4664.45 (76e4c1bb2ab46..., userDataDir: C:\Users\HP\AppData\Local\T...}, goog:chromeOptions: {debuggerAddress: localhost:56918}, javascriptEnabled: true, networkConnectionEnabled: false, pageLoadStrategy: normal, platform: WINDOWS, platformName: WINDOWS, proxy: Proxy(), se:cdp: ws://localhost:56918/devtoo..., se:cdpVersion: 96.0.4664.110, setWindowRect: true, strictFileInteractability: false, timeouts: {implicit: 0, pageLoad: 300000, script: 30000}, unhandledPromptBehavior: dismiss and notify, webauthn:extension:credBlob: true, webauthn:extension:largeBlob: true, webauthn:virtualAuthenticators: true}
Session ID: fe0a57ef67ae98489a315a77482aa6b3]]>
            </message>
            <full-stacktrace>
              <![CDATA[org.openqa.selenium.WebDriverException: chrome not reachable
  (Session info: chrome=96.0.4664.110)
Build info: version: '4.1.0', revision: '87802e897b'
System info: host: 'DESKTOP-IF2U9N1', ip: '192.168.43.208', os.name: 'Windows 10', os.arch: 'amd64', os.version: '10.0', java.version: '16.0.1'
Driver info: org.openqa.selenium.chrome.ChromeDriver
Command: [fe0a57ef67ae98489a315a77482aa6b3, getTitle {}]
Capabilities {acceptInsecureCerts: false, browserName: chrome, browserVersion: 96.0.4664.110, chrome: {chromedriverVersion: 96.0.4664.45 (76e4c1bb2ab46..., userDataDir: C:\Users\HP\AppData\Local\T...}, goog:chromeOptions: {debuggerAddress: localhost:56918}, javascriptEnabled: true, networkConnectionEnabled: false, pageLoadStrategy: normal, platform: WINDOWS, platformName: WINDOWS, proxy: Proxy(), se:cdp: ws://localhost:56918/devtoo..., se:cdpVersion: 96.0.4664.110, setWindowRect: true, strictFileInteractability: false, timeouts: {implicit: 0, pageLoad: 300000, script: 30000}, unhandledPromptBehavior: dismiss and notify, webauthn:extension:credBlob: true, webauthn:extension:largeBlob: true, webauthn:virtualAuthenticators: true}
Session ID: fe0a57ef67ae98489a315a77482aa6b3
	at java.base/jdk.internal.reflect.NativeConstructorAccessorImpl.newInstance0(Native Method)
	at java.base/jdk.internal.reflect.NativeConstructorAccessorImpl.newInstance(NativeConstructorAccessorImpl.java:78)
	at java.base/jdk.internal.reflect.DelegatingConstructorAccessorImpl.newInstance(DelegatingConstructorAccessorImpl.java:45)
	at java.base/java.lang.reflect.Constructor.newInstanceWithCaller(Constructor.java:499)
	at java.base/java.lang.reflect.Constructor.newInstance(Constructor.java:480)
	at org.openqa.selenium.remote.codec.w3c.W3CHttpResponseCodec.createException(W3CHttpResponseCodec.java:200)
	at org.openqa.selenium.remote.codec.w3c.W3CHttpResponseCodec.decode(W3CHttpResponseCodec.java:133)
	at org.openqa.selenium.remote.codec.w3c.W3CHttpResponseCodec.decode(W3CHttpResponseCodec.java:53)
	at org.openqa.selenium.remote.HttpCommandExecutor.execute(HttpCommandExecutor.java:184)
	at org.openqa.selenium.remote.service.DriverCommandExecutor.invokeExecute(DriverCommandExecutor.java:164)
	at org.openqa.selenium.remote.service.DriverCommandExecutor.execute(DriverCommandExecutor.java:139)
	at org.openqa.selenium.remote.RemoteWebDriver.execute(RemoteWebDriver.java:559)
	at org.openqa.selenium.remote.RemoteWebDriver.execute(RemoteWebDriver.java:614)
	at org.openqa.selenium.remote.RemoteWebDriver.execute(RemoteWebDriver.java:618)
	at org.openqa.selenium.remote.RemoteWebDriver.getTitle(RemoteWebDriver.java:333)
	at seleniumWebdriverPractice.PriorityTestNG.amazonBrowserOpen(PriorityTestNG.java:47)
	at java.base/jdk.internal.reflect.NativeMethodAccessorImpl.invoke0(Native Method)
	at java.base/jdk.internal.reflect.NativeMethodAccessorImpl.invoke(NativeMethodAccessorImpl.java:78)
	at java.base/jdk.internal.reflect.DelegatingMethodAccessorImpl.invoke(DelegatingMethodAccessorImpl.java:43)
	at java.base/java.lang.reflect.Method.invoke(Method.java:567)
	at org.testng.internal.MethodInvocationHelper.invokeMethod(MethodInvocationHelper.java:80)
	at org.testng.internal.Invoker.invokeConfigurationMethod(Invoker.java:564)
	at org.testng.internal.Invoker.invokeConfigurations(Invoker.java:213)
	at org.testng.internal.Invoker.invokeMethod(Invoker.java:653)
	at org.testng.internal.Invoker.invokeTestMethod(Invoker.java:907)
	at org.testng.internal.Invoker.invokeTestMethods(Invoker.java:1237)
	at org.testng.internal.TestMethodWorker.invokeTestMethods(TestMethodWorker.java:127)
	at org.testng.internal.TestMethodWorker.run(TestMethodWorker.java:111)
	at org.testng.TestRunner.privateRun(TestRunner.java:767)
	at org.testng.TestRunner.run(TestRunner.java:617)
	at org.testng.SuiteRunner.runTest(SuiteRunner.java:334)
	at org.testng.SuiteRunner.runSequentially(SuiteRunner.java:329)
	at org.testng.SuiteRunner.privateRun(SuiteRunner.java:291)
	at org.testng.SuiteRunner.run(SuiteRunner.java:240)
	at org.testng.SuiteRunnerWorker.runSuite(SuiteRunnerWorker.java:51)
	at org.testng.SuiteRunnerWorker.run(SuiteRunnerWorker.java:85)
	at org.testng.TestNG.runSuitesSequentially(TestNG.java:1197)
	at org.testng.TestNG.runSuitesLocally(TestNG.java:1122)
	at org.testng.TestNG.run(TestNG.java:1030)
	at org.testng.remote.AbstractRemoteTestNG.run(AbstractRemoteTestNG.java:115)
	at org.testng.remote.RemoteTestNG.initAndRun(RemoteTestNG.java:251)
	at org.testng.remote.RemoteTestNG.main(RemoteTestNG.java:77)
]]>
            </full-stacktrace>
          </exception> <!-- org.openqa.selenium.WebDriverException -->
          <reporter-output>
          </reporter-output>
        </test-method> <!-- amazonBrowserOpen -->
        <test-method signature="homePageFunctionality2()[pri:0, instance:seleniumWebdriverPractice.PriorityTestNG@353352b6]" started-at="2022-01-07T21:26:51Z" name="homePageFunctionality2" finished-at="2022-01-07T21:26:51Z" duration-ms="3" status="SKIP">
          <reporter-output>
          </reporter-output>
        </test-method> <!-- homePageFunctionality2 -->
        <test-method is-config="true" signature="amazonBrowserClose()[pri:0, instance:seleniumWebdriverPractice.PriorityTestNG@353352b6]" started-at="2022-01-07T21:26:51Z" name="amazonBrowserClose" finished-at="2022-01-07T21:26:51Z" duration-ms="1" status="SKIP">
          <reporter-output>
          </reporter-output>
        </test-method> <!-- amazonBrowserClose -->
        <test-method is-config="true" signature="amazonBrowserOpen()[pri:0, instance:seleniumWebdriverPractice.PriorityTestNG@353352b6]" started-at="2022-01-07T21:26:51Z" name="amazonBrowserOpen" finished-at="2022-01-07T21:26:51Z" duration-ms="0" status="SKIP">
          <reporter-output>
          </reporter-output>
        </test-method> <!-- amazonBrowserOpen -->
        <test-method signature="homePageFunctionality3()[pri:0, instance:seleniumWebdriverPractice.PriorityTestNG@353352b6]" started-at="2022-01-07T21:26:51Z" name="homePageFunctionality3" finished-at="2022-01-07T21:26:51Z" duration-ms="6" status="SKIP">
          <reporter-output>
          </reporter-output>
        </test-method> <!-- homePageFunctionality3 -->
        <test-method is-config="true" signature="amazonBrowserClose()[pri:0, instance:seleniumWebdriverPractice.PriorityTestNG@353352b6]" started-at="2022-01-07T21:26:51Z" name="amazonBrowserClose" finished-at="2022-01-07T21:26:51Z" duration-ms="0" status="SKIP">
          <reporter-output>
          </reporter-output>
        </test-method> <!-- amazonBrowserClose -->
        <test-method is-config="true" signature="amazonBrowserOpen()[pri:0, instance:seleniumWebdriverPractice.PriorityTestNG@353352b6]" started-at="2022-01-07T21:26:51Z" name="amazonBrowserOpen" finished-at="2022-01-07T21:26:51Z" duration-ms="0" status="SKIP">
          <reporter-output>
          </reporter-output>
        </test-method> <!-- amazonBrowserOpen -->
        <test-method signature="homePageFunctionality()[pri:0, instance:seleniumWebdriverPractice.PriorityTestNG@353352b6]" started-at="2022-01-07T21:26:51Z" name="homePageFunctionality" finished-at="2022-01-07T21:26:51Z" duration-ms="1" status="SKIP">
          <reporter-output>
          </reporter-output>
        </test-method> <!-- homePageFunctionality -->
        <test-method is-config="true" signature="amazonBrowserClose()[pri:0, instance:seleniumWebdriverPractice.PriorityTestNG@353352b6]" started-at="2022-01-07T21:26:51Z" name="amazonBrowserClose" finished-at="2022-01-07T21:26:51Z" duration-ms="0" status="SKIP">
          <reporter-output>
          </reporter-output>
        </test-method> <!-- amazonBrowserClose -->
      </class> <!-- seleniumWebdriverPractice.PriorityTestNG -->
    </test> <!-- Default test -->
  </suite> <!-- Default suite -->
</testng-results>
